<?xml version="1.0" encoding="UTF-8"?>
<testsuite xmlns:xsi="http://www.w3.org/2001/XMLSchema-instance" xsi:noNamespaceSchemaLocation="https://maven.apache.org/surefire/maven-surefire-plugin/xsd/surefire-test-report.xsd" version="3.0.2" name="com.itheima.SpringbootMybatisQuickstartApplicationTests" time="2.818" tests="3" errors="0" skipped="0" failures="0">
  <properties>
    <property name="java.specification.version" value="22"/>
    <property name="sun.cpu.isalist" value="amd64"/>
    <property name="sun.jnu.encoding" value="GBK"/>
    <property name="java.class.path" value="D:\web-ai-code\test\springboot-mybatis-quickstart\target\test-classes;D:\web-ai-code\test\springboot-mybatis-quickstart\target\classes;D:\develop\apache-maven-3.9.9-bin\apache-maven-3.9.9\mvn_repo\org\mybatis\spring\boot\mybatis-spring-boot-starter\3.0.4\mybatis-spring-boot-starter-3.0.4.jar;D:\develop\apache-maven-3.9.9-bin\apache-maven-3.9.9\mvn_repo\org\springframework\boot\spring-boot-starter\3.4.1\spring-boot-starter-3.4.1.jar;D:\develop\apache-maven-3.9.9-bin\apache-maven-3.9.9\mvn_repo\org\springframework\boot\spring-boot\3.4.1\spring-boot-3.4.1.jar;D:\develop\apache-maven-3.9.9-bin\apache-maven-3.9.9\mvn_repo\org\springframework\spring-context\6.2.1\spring-context-6.2.1.jar;D:\develop\apache-maven-3.9.9-bin\apache-maven-3.9.9\mvn_repo\org\springframework\spring-aop\6.2.1\spring-aop-6.2.1.jar;D:\develop\apache-maven-3.9.9-bin\apache-maven-3.9.9\mvn_repo\org\springframework\spring-expression\6.2.1\spring-expression-6.2.1.jar;D:\develop\apache-maven-3.9.9-bin\apache-maven-3.9.9\mvn_repo\io\micrometer\micrometer-observation\1.14.2\micrometer-observation-1.14.2.jar;D:\develop\apache-maven-3.9.9-bin\apache-maven-3.9.9\mvn_repo\io\micrometer\micrometer-commons\1.14.2\micrometer-commons-1.14.2.jar;D:\develop\apache-maven-3.9.9-bin\apache-maven-3.9.9\mvn_repo\org\springframework\boot\spring-boot-starter-logging\3.4.1\spring-boot-starter-logging-3.4.1.jar;D:\develop\apache-maven-3.9.9-bin\apache-maven-3.9.9\mvn_repo\ch\qos\logback\logback-classic\1.5.12\logback-classic-1.5.12.jar;D:\develop\apache-maven-3.9.9-bin\apache-maven-3.9.9\mvn_repo\ch\qos\logback\logback-core\1.5.12\logback-core-1.5.12.jar;D:\develop\apache-maven-3.9.9-bin\apache-maven-3.9.9\mvn_repo\org\apache\logging\log4j\log4j-to-slf4j\2.24.3\log4j-to-slf4j-2.24.3.jar;D:\develop\apache-maven-3.9.9-bin\apache-maven-3.9.9\mvn_repo\org\apache\logging\log4j\log4j-api\2.24.3\log4j-api-2.24.3.jar;D:\develop\apache-maven-3.9.9-bin\apache-maven-3.9.9\mvn_repo\org\slf4j\jul-to-slf4j\2.0.16\jul-to-slf4j-2.0.16.jar;D:\develop\apache-maven-3.9.9-bin\apache-maven-3.9.9\mvn_repo\jakarta\annotation\jakarta.annotation-api\2.1.1\jakarta.annotation-api-2.1.1.jar;D:\develop\apache-maven-3.9.9-bin\apache-maven-3.9.9\mvn_repo\org\yaml\snakeyaml\2.3\snakeyaml-2.3.jar;D:\develop\apache-maven-3.9.9-bin\apache-maven-3.9.9\mvn_repo\org\springframework\boot\spring-boot-starter-jdbc\3.4.1\spring-boot-starter-jdbc-3.4.1.jar;D:\develop\apache-maven-3.9.9-bin\apache-maven-3.9.9\mvn_repo\com\zaxxer\HikariCP\5.1.0\HikariCP-5.1.0.jar;D:\develop\apache-maven-3.9.9-bin\apache-maven-3.9.9\mvn_repo\org\springframework\spring-jdbc\6.2.1\spring-jdbc-6.2.1.jar;D:\develop\apache-maven-3.9.9-bin\apache-maven-3.9.9\mvn_repo\org\springframework\spring-beans\6.2.1\spring-beans-6.2.1.jar;D:\develop\apache-maven-3.9.9-bin\apache-maven-3.9.9\mvn_repo\org\mybatis\spring\boot\mybatis-spring-boot-autoconfigure\3.0.4\mybatis-spring-boot-autoconfigure-3.0.4.jar;D:\develop\apache-maven-3.9.9-bin\apache-maven-3.9.9\mvn_repo\org\mybatis\mybatis\3.5.17\mybatis-3.5.17.jar;D:\develop\apache-maven-3.9.9-bin\apache-maven-3.9.9\mvn_repo\org\mybatis\mybatis-spring\3.0.4\mybatis-spring-3.0.4.jar;D:\develop\apache-maven-3.9.9-bin\apache-maven-3.9.9\mvn_repo\com\mysql\mysql-connector-j\9.1.0\mysql-connector-j-9.1.0.jar;D:\develop\apache-maven-3.9.9-bin\apache-maven-3.9.9\mvn_repo\org\projectlombok\lombok\1.18.36\lombok-1.18.36.jar;D:\develop\apache-maven-3.9.9-bin\apache-maven-3.9.9\mvn_repo\org\springframework\boot\spring-boot-starter-test\3.4.1\spring-boot-starter-test-3.4.1.jar;D:\develop\apache-maven-3.9.9-bin\apache-maven-3.9.9\mvn_repo\org\springframework\boot\spring-boot-test\3.4.1\spring-boot-test-3.4.1.jar;D:\develop\apache-maven-3.9.9-bin\apache-maven-3.9.9\mvn_repo\org\springframework\boot\spring-boot-test-autoconfigure\3.4.1\spring-boot-test-autoconfigure-3.4.1.jar;D:\develop\apache-maven-3.9.9-bin\apache-maven-3.9.9\mvn_repo\com\jayway\jsonpath\json-path\2.9.0\json-path-2.9.0.jar;D:\develop\apache-maven-3.9.9-bin\apache-maven-3.9.9\mvn_repo\jakarta\xml\bind\jakarta.xml.bind-api\4.0.2\jakarta.xml.bind-api-4.0.2.jar;D:\develop\apache-maven-3.9.9-bin\apache-maven-3.9.9\mvn_repo\jakarta\activation\jakarta.activation-api\2.1.3\jakarta.activation-api-2.1.3.jar;D:\develop\apache-maven-3.9.9-bin\apache-maven-3.9.9\mvn_repo\net\minidev\json-smart\2.5.1\json-smart-2.5.1.jar;D:\develop\apache-maven-3.9.9-bin\apache-maven-3.9.9\mvn_repo\net\minidev\accessors-smart\2.5.1\accessors-smart-2.5.1.jar;D:\develop\apache-maven-3.9.9-bin\apache-maven-3.9.9\mvn_repo\org\ow2\asm\asm\9.6\asm-9.6.jar;D:\develop\apache-maven-3.9.9-bin\apache-maven-3.9.9\mvn_repo\org\assertj\assertj-core\3.26.3\assertj-core-3.26.3.jar;D:\develop\apache-maven-3.9.9-bin\apache-maven-3.9.9\mvn_repo\net\bytebuddy\byte-buddy\1.15.11\byte-buddy-1.15.11.jar;D:\develop\apache-maven-3.9.9-bin\apache-maven-3.9.9\mvn_repo\org\awaitility\awaitility\4.2.2\awaitility-4.2.2.jar;D:\develop\apache-maven-3.9.9-bin\apache-maven-3.9.9\mvn_repo\org\hamcrest\hamcrest\2.2\hamcrest-2.2.jar;D:\develop\apache-maven-3.9.9-bin\apache-maven-3.9.9\mvn_repo\org\junit\jupiter\junit-jupiter\5.11.4\junit-jupiter-5.11.4.jar;D:\develop\apache-maven-3.9.9-bin\apache-maven-3.9.9\mvn_repo\org\junit\jupiter\junit-jupiter-api\5.11.4\junit-jupiter-api-5.11.4.jar;D:\develop\apache-maven-3.9.9-bin\apache-maven-3.9.9\mvn_repo\org\opentest4j\opentest4j\1.3.0\opentest4j-1.3.0.jar;D:\develop\apache-maven-3.9.9-bin\apache-maven-3.9.9\mvn_repo\org\junit\platform\junit-platform-commons\1.11.4\junit-platform-commons-1.11.4.jar;D:\develop\apache-maven-3.9.9-bin\apache-maven-3.9.9\mvn_repo\org\apiguardian\apiguardian-api\1.1.2\apiguardian-api-1.1.2.jar;D:\develop\apache-maven-3.9.9-bin\apache-maven-3.9.9\mvn_repo\org\junit\jupiter\junit-jupiter-params\5.11.4\junit-jupiter-params-5.11.4.jar;D:\develop\apache-maven-3.9.9-bin\apache-maven-3.9.9\mvn_repo\org\junit\jupiter\junit-jupiter-engine\5.11.4\junit-jupiter-engine-5.11.4.jar;D:\develop\apache-maven-3.9.9-bin\apache-maven-3.9.9\mvn_repo\org\junit\platform\junit-platform-engine\1.11.4\junit-platform-engine-1.11.4.jar;D:\develop\apache-maven-3.9.9-bin\apache-maven-3.9.9\mvn_repo\org\mockito\mockito-core\5.14.2\mockito-core-5.14.2.jar;D:\develop\apache-maven-3.9.9-bin\apache-maven-3.9.9\mvn_repo\net\bytebuddy\byte-buddy-agent\1.15.11\byte-buddy-agent-1.15.11.jar;D:\develop\apache-maven-3.9.9-bin\apache-maven-3.9.9\mvn_repo\org\objenesis\objenesis\3.3\objenesis-3.3.jar;D:\develop\apache-maven-3.9.9-bin\apache-maven-3.9.9\mvn_repo\org\mockito\mockito-junit-jupiter\5.14.2\mockito-junit-jupiter-5.14.2.jar;D:\develop\apache-maven-3.9.9-bin\apache-maven-3.9.9\mvn_repo\org\skyscreamer\jsonassert\1.5.3\jsonassert-1.5.3.jar;D:\develop\apache-maven-3.9.9-bin\apache-maven-3.9.9\mvn_repo\com\vaadin\external\google\android-json\0.0.20131108.vaadin1\android-json-0.0.20131108.vaadin1.jar;D:\develop\apache-maven-3.9.9-bin\apache-maven-3.9.9\mvn_repo\org\springframework\spring-core\6.2.1\spring-core-6.2.1.jar;D:\develop\apache-maven-3.9.9-bin\apache-maven-3.9.9\mvn_repo\org\springframework\spring-jcl\6.2.1\spring-jcl-6.2.1.jar;D:\develop\apache-maven-3.9.9-bin\apache-maven-3.9.9\mvn_repo\org\springframework\spring-test\6.2.1\spring-test-6.2.1.jar;D:\develop\apache-maven-3.9.9-bin\apache-maven-3.9.9\mvn_repo\org\xmlunit\xmlunit-core\2.10.0\xmlunit-core-2.10.0.jar;D:\develop\apache-maven-3.9.9-bin\apache-maven-3.9.9\mvn_repo\org\mybatis\spring\boot\mybatis-spring-boot-starter-test\3.0.4\mybatis-spring-boot-starter-test-3.0.4.jar;D:\develop\apache-maven-3.9.9-bin\apache-maven-3.9.9\mvn_repo\org\mybatis\spring\boot\mybatis-spring-boot-test-autoconfigure\3.0.4\mybatis-spring-boot-test-autoconfigure-3.0.4.jar;D:\develop\apache-maven-3.9.9-bin\apache-maven-3.9.9\mvn_repo\org\springframework\spring-tx\6.2.1\spring-tx-6.2.1.jar;D:\develop\apache-maven-3.9.9-bin\apache-maven-3.9.9\mvn_repo\com\alibaba\druid-spring-boot-starter\1.2.19\druid-spring-boot-starter-1.2.19.jar;D:\develop\apache-maven-3.9.9-bin\apache-maven-3.9.9\mvn_repo\com\alibaba\druid\1.2.19\druid-1.2.19.jar;D:\develop\apache-maven-3.9.9-bin\apache-maven-3.9.9\mvn_repo\org\slf4j\slf4j-api\2.0.16\slf4j-api-2.0.16.jar;D:\develop\apache-maven-3.9.9-bin\apache-maven-3.9.9\mvn_repo\org\springframework\boot\spring-boot-autoconfigure\3.4.1\spring-boot-autoconfigure-3.4.1.jar;D:\develop\apache-maven-3.9.9-bin\apache-maven-3.9.9\mvn_repo\org\glassfish\jaxb\jaxb-runtime\4.0.5\jaxb-runtime-4.0.5.jar;D:\develop\apache-maven-3.9.9-bin\apache-maven-3.9.9\mvn_repo\org\glassfish\jaxb\jaxb-core\4.0.5\jaxb-core-4.0.5.jar;D:\develop\apache-maven-3.9.9-bin\apache-maven-3.9.9\mvn_repo\org\eclipse\angus\angus-activation\2.0.2\angus-activation-2.0.2.jar;D:\develop\apache-maven-3.9.9-bin\apache-maven-3.9.9\mvn_repo\org\glassfish\jaxb\txw2\4.0.5\txw2-4.0.5.jar;D:\develop\apache-maven-3.9.9-bin\apache-maven-3.9.9\mvn_repo\com\sun\istack\istack-commons-runtime\4.1.2\istack-commons-runtime-4.1.2.jar;"/>
    <property name="java.vm.vendor" value="Oracle Corporation"/>
    <property name="sun.arch.data.model" value="64"/>
    <property name="user.variant" value=""/>
    <property name="java.vendor.url" value="https://java.oracle.com/"/>
    <property name="user.timezone" value="Asia/Shanghai"/>
    <property name="os.name" value="Windows 11"/>
    <property name="java.vm.specification.version" value="22"/>
    <property name="APPLICATION_NAME" value="springboot-mybatis-quickstart"/>
    <property name="sun.java.launcher" value="SUN_STANDARD"/>
    <property name="user.country" value="CN"/>
    <property name="sun.boot.library.path" value="D:\jdk22\bin"/>
    <property name="sun.java.command" value="C:\Users\Meris\AppData\Local\Temp\surefire12086911465006018790\surefirebooter-20250123032612884_3.jar C:\Users\Meris\AppData\Local\Temp\surefire12086911465006018790 2025-01-23T03-26-09_646-jvmRun1 surefire-20250123032612884_1tmp surefire_0-20250123032612884_2tmp"/>
    <property name="jdk.debug" value="release"/>
    <property name="surefire.test.class.path" value="D:\web-ai-code\test\springboot-mybatis-quickstart\target\test-classes;D:\web-ai-code\test\springboot-mybatis-quickstart\target\classes;D:\develop\apache-maven-3.9.9-bin\apache-maven-3.9.9\mvn_repo\org\mybatis\spring\boot\mybatis-spring-boot-starter\3.0.4\mybatis-spring-boot-starter-3.0.4.jar;D:\develop\apache-maven-3.9.9-bin\apache-maven-3.9.9\mvn_repo\org\springframework\boot\spring-boot-starter\3.4.1\spring-boot-starter-3.4.1.jar;D:\develop\apache-maven-3.9.9-bin\apache-maven-3.9.9\mvn_repo\org\springframework\boot\spring-boot\3.4.1\spring-boot-3.4.1.jar;D:\develop\apache-maven-3.9.9-bin\apache-maven-3.9.9\mvn_repo\org\springframework\spring-context\6.2.1\spring-context-6.2.1.jar;D:\develop\apache-maven-3.9.9-bin\apache-maven-3.9.9\mvn_repo\org\springframework\spring-aop\6.2.1\spring-aop-6.2.1.jar;D:\develop\apache-maven-3.9.9-bin\apache-maven-3.9.9\mvn_repo\org\springframework\spring-expression\6.2.1\spring-expression-6.2.1.jar;D:\develop\apache-maven-3.9.9-bin\apache-maven-3.9.9\mvn_repo\io\micrometer\micrometer-observation\1.14.2\micrometer-observation-1.14.2.jar;D:\develop\apache-maven-3.9.9-bin\apache-maven-3.9.9\mvn_repo\io\micrometer\micrometer-commons\1.14.2\micrometer-commons-1.14.2.jar;D:\develop\apache-maven-3.9.9-bin\apache-maven-3.9.9\mvn_repo\org\springframework\boot\spring-boot-starter-logging\3.4.1\spring-boot-starter-logging-3.4.1.jar;D:\develop\apache-maven-3.9.9-bin\apache-maven-3.9.9\mvn_repo\ch\qos\logback\logback-classic\1.5.12\logback-classic-1.5.12.jar;D:\develop\apache-maven-3.9.9-bin\apache-maven-3.9.9\mvn_repo\ch\qos\logback\logback-core\1.5.12\logback-core-1.5.12.jar;D:\develop\apache-maven-3.9.9-bin\apache-maven-3.9.9\mvn_repo\org\apache\logging\log4j\log4j-to-slf4j\2.24.3\log4j-to-slf4j-2.24.3.jar;D:\develop\apache-maven-3.9.9-bin\apache-maven-3.9.9\mvn_repo\org\apache\logging\log4j\log4j-api\2.24.3\log4j-api-2.24.3.jar;D:\develop\apache-maven-3.9.9-bin\apache-maven-3.9.9\mvn_repo\org\slf4j\jul-to-slf4j\2.0.16\jul-to-slf4j-2.0.16.jar;D:\develop\apache-maven-3.9.9-bin\apache-maven-3.9.9\mvn_repo\jakarta\annotation\jakarta.annotation-api\2.1.1\jakarta.annotation-api-2.1.1.jar;D:\develop\apache-maven-3.9.9-bin\apache-maven-3.9.9\mvn_repo\org\yaml\snakeyaml\2.3\snakeyaml-2.3.jar;D:\develop\apache-maven-3.9.9-bin\apache-maven-3.9.9\mvn_repo\org\springframework\boot\spring-boot-starter-jdbc\3.4.1\spring-boot-starter-jdbc-3.4.1.jar;D:\develop\apache-maven-3.9.9-bin\apache-maven-3.9.9\mvn_repo\com\zaxxer\HikariCP\5.1.0\HikariCP-5.1.0.jar;D:\develop\apache-maven-3.9.9-bin\apache-maven-3.9.9\mvn_repo\org\springframework\spring-jdbc\6.2.1\spring-jdbc-6.2.1.jar;D:\develop\apache-maven-3.9.9-bin\apache-maven-3.9.9\mvn_repo\org\springframework\spring-beans\6.2.1\spring-beans-6.2.1.jar;D:\develop\apache-maven-3.9.9-bin\apache-maven-3.9.9\mvn_repo\org\mybatis\spring\boot\mybatis-spring-boot-autoconfigure\3.0.4\mybatis-spring-boot-autoconfigure-3.0.4.jar;D:\develop\apache-maven-3.9.9-bin\apache-maven-3.9.9\mvn_repo\org\mybatis\mybatis\3.5.17\mybatis-3.5.17.jar;D:\develop\apache-maven-3.9.9-bin\apache-maven-3.9.9\mvn_repo\org\mybatis\mybatis-spring\3.0.4\mybatis-spring-3.0.4.jar;D:\develop\apache-maven-3.9.9-bin\apache-maven-3.9.9\mvn_repo\com\mysql\mysql-connector-j\9.1.0\mysql-connector-j-9.1.0.jar;D:\develop\apache-maven-3.9.9-bin\apache-maven-3.9.9\mvn_repo\org\projectlombok\lombok\1.18.36\lombok-1.18.36.jar;D:\develop\apache-maven-3.9.9-bin\apache-maven-3.9.9\mvn_repo\org\springframework\boot\spring-boot-starter-test\3.4.1\spring-boot-starter-test-3.4.1.jar;D:\develop\apache-maven-3.9.9-bin\apache-maven-3.9.9\mvn_repo\org\springframework\boot\spring-boot-test\3.4.1\spring-boot-test-3.4.1.jar;D:\develop\apache-maven-3.9.9-bin\apache-maven-3.9.9\mvn_repo\org\springframework\boot\spring-boot-test-autoconfigure\3.4.1\spring-boot-test-autoconfigure-3.4.1.jar;D:\develop\apache-maven-3.9.9-bin\apache-maven-3.9.9\mvn_repo\com\jayway\jsonpath\json-path\2.9.0\json-path-2.9.0.jar;D:\develop\apache-maven-3.9.9-bin\apache-maven-3.9.9\mvn_repo\jakarta\xml\bind\jakarta.xml.bind-api\4.0.2\jakarta.xml.bind-api-4.0.2.jar;D:\develop\apache-maven-3.9.9-bin\apache-maven-3.9.9\mvn_repo\jakarta\activation\jakarta.activation-api\2.1.3\jakarta.activation-api-2.1.3.jar;D:\develop\apache-maven-3.9.9-bin\apache-maven-3.9.9\mvn_repo\net\minidev\json-smart\2.5.1\json-smart-2.5.1.jar;D:\develop\apache-maven-3.9.9-bin\apache-maven-3.9.9\mvn_repo\net\minidev\accessors-smart\2.5.1\accessors-smart-2.5.1.jar;D:\develop\apache-maven-3.9.9-bin\apache-maven-3.9.9\mvn_repo\org\ow2\asm\asm\9.6\asm-9.6.jar;D:\develop\apache-maven-3.9.9-bin\apache-maven-3.9.9\mvn_repo\org\assertj\assertj-core\3.26.3\assertj-core-3.26.3.jar;D:\develop\apache-maven-3.9.9-bin\apache-maven-3.9.9\mvn_repo\net\bytebuddy\byte-buddy\1.15.11\byte-buddy-1.15.11.jar;D:\develop\apache-maven-3.9.9-bin\apache-maven-3.9.9\mvn_repo\org\awaitility\awaitility\4.2.2\awaitility-4.2.2.jar;D:\develop\apache-maven-3.9.9-bin\apache-maven-3.9.9\mvn_repo\org\hamcrest\hamcrest\2.2\hamcrest-2.2.jar;D:\develop\apache-maven-3.9.9-bin\apache-maven-3.9.9\mvn_repo\org\junit\jupiter\junit-jupiter\5.11.4\junit-jupiter-5.11.4.jar;D:\develop\apache-maven-3.9.9-bin\apache-maven-3.9.9\mvn_repo\org\junit\jupiter\junit-jupiter-api\5.11.4\junit-jupiter-api-5.11.4.jar;D:\develop\apache-maven-3.9.9-bin\apache-maven-3.9.9\mvn_repo\org\opentest4j\opentest4j\1.3.0\opentest4j-1.3.0.jar;D:\develop\apache-maven-3.9.9-bin\apache-maven-3.9.9\mvn_repo\org\junit\platform\junit-platform-commons\1.11.4\junit-platform-commons-1.11.4.jar;D:\develop\apache-maven-3.9.9-bin\apache-maven-3.9.9\mvn_repo\org\apiguardian\apiguardian-api\1.1.2\apiguardian-api-1.1.2.jar;D:\develop\apache-maven-3.9.9-bin\apache-maven-3.9.9\mvn_repo\org\junit\jupiter\junit-jupiter-params\5.11.4\junit-jupiter-params-5.11.4.jar;D:\develop\apache-maven-3.9.9-bin\apache-maven-3.9.9\mvn_repo\org\junit\jupiter\junit-jupiter-engine\5.11.4\junit-jupiter-engine-5.11.4.jar;D:\develop\apache-maven-3.9.9-bin\apache-maven-3.9.9\mvn_repo\org\junit\platform\junit-platform-engine\1.11.4\junit-platform-engine-1.11.4.jar;D:\develop\apache-maven-3.9.9-bin\apache-maven-3.9.9\mvn_repo\org\mockito\mockito-core\5.14.2\mockito-core-5.14.2.jar;D:\develop\apache-maven-3.9.9-bin\apache-maven-3.9.9\mvn_repo\net\bytebuddy\byte-buddy-agent\1.15.11\byte-buddy-agent-1.15.11.jar;D:\develop\apache-maven-3.9.9-bin\apache-maven-3.9.9\mvn_repo\org\objenesis\objenesis\3.3\objenesis-3.3.jar;D:\develop\apache-maven-3.9.9-bin\apache-maven-3.9.9\mvn_repo\org\mockito\mockito-junit-jupiter\5.14.2\mockito-junit-jupiter-5.14.2.jar;D:\develop\apache-maven-3.9.9-bin\apache-maven-3.9.9\mvn_repo\org\skyscreamer\jsonassert\1.5.3\jsonassert-1.5.3.jar;D:\develop\apache-maven-3.9.9-bin\apache-maven-3.9.9\mvn_repo\com\vaadin\external\google\android-json\0.0.20131108.vaadin1\android-json-0.0.20131108.vaadin1.jar;D:\develop\apache-maven-3.9.9-bin\apache-maven-3.9.9\mvn_repo\org\springframework\spring-core\6.2.1\spring-core-6.2.1.jar;D:\develop\apache-maven-3.9.9-bin\apache-maven-3.9.9\mvn_repo\org\springframework\spring-jcl\6.2.1\spring-jcl-6.2.1.jar;D:\develop\apache-maven-3.9.9-bin\apache-maven-3.9.9\mvn_repo\org\springframework\spring-test\6.2.1\spring-test-6.2.1.jar;D:\develop\apache-maven-3.9.9-bin\apache-maven-3.9.9\mvn_repo\org\xmlunit\xmlunit-core\2.10.0\xmlunit-core-2.10.0.jar;D:\develop\apache-maven-3.9.9-bin\apache-maven-3.9.9\mvn_repo\org\mybatis\spring\boot\mybatis-spring-boot-starter-test\3.0.4\mybatis-spring-boot-starter-test-3.0.4.jar;D:\develop\apache-maven-3.9.9-bin\apache-maven-3.9.9\mvn_repo\org\mybatis\spring\boot\mybatis-spring-boot-test-autoconfigure\3.0.4\mybatis-spring-boot-test-autoconfigure-3.0.4.jar;D:\develop\apache-maven-3.9.9-bin\apache-maven-3.9.9\mvn_repo\org\springframework\spring-tx\6.2.1\spring-tx-6.2.1.jar;D:\develop\apache-maven-3.9.9-bin\apache-maven-3.9.9\mvn_repo\com\alibaba\druid-spring-boot-starter\1.2.19\druid-spring-boot-starter-1.2.19.jar;D:\develop\apache-maven-3.9.9-bin\apache-maven-3.9.9\mvn_repo\com\alibaba\druid\1.2.19\druid-1.2.19.jar;D:\develop\apache-maven-3.9.9-bin\apache-maven-3.9.9\mvn_repo\org\slf4j\slf4j-api\2.0.16\slf4j-api-2.0.16.jar;D:\develop\apache-maven-3.9.9-bin\apache-maven-3.9.9\mvn_repo\org\springframework\boot\spring-boot-autoconfigure\3.4.1\spring-boot-autoconfigure-3.4.1.jar;D:\develop\apache-maven-3.9.9-bin\apache-maven-3.9.9\mvn_repo\org\glassfish\jaxb\jaxb-runtime\4.0.5\jaxb-runtime-4.0.5.jar;D:\develop\apache-maven-3.9.9-bin\apache-maven-3.9.9\mvn_repo\org\glassfish\jaxb\jaxb-core\4.0.5\jaxb-core-4.0.5.jar;D:\develop\apache-maven-3.9.9-bin\apache-maven-3.9.9\mvn_repo\org\eclipse\angus\angus-activation\2.0.2\angus-activation-2.0.2.jar;D:\develop\apache-maven-3.9.9-bin\apache-maven-3.9.9\mvn_repo\org\glassfish\jaxb\txw2\4.0.5\txw2-4.0.5.jar;D:\develop\apache-maven-3.9.9-bin\apache-maven-3.9.9\mvn_repo\com\sun\istack\istack-commons-runtime\4.1.2\istack-commons-runtime-4.1.2.jar;"/>
    <property name="sun.cpu.endian" value="little"/>
    <property name="user.home" value="C:\Users\Meris"/>
    <property name="user.language" value="zh"/>
    <property name="java.specification.vendor" value="Oracle Corporation"/>
    <property name="java.version.date" value="2024-04-16"/>
    <property name="java.home" value="D:\jdk22"/>
    <property name="file.separator" value="\"/>
    <property name="basedir" value="D:\web-ai-code\test\springboot-mybatis-quickstart"/>
    <property name="java.vm.compressedOopsMode" value="Zero based"/>
    <property name="line.separator" value="&#10;"/>
    <property name="java.vm.specification.vendor" value="Oracle Corporation"/>
    <property name="java.specification.name" value="Java Platform API Specification"/>
    <property name="FILE_LOG_CHARSET" value="UTF-8"/>
    <property name="java.awt.headless" value="true"/>
    <property name="surefire.real.class.path" value="C:\Users\Meris\AppData\Local\Temp\surefire12086911465006018790\surefirebooter-20250123032612884_3.jar"/>
    <property name="user.script" value=""/>
    <property name="sun.management.compiler" value="HotSpot 64-Bit Tiered Compilers"/>
    <property name="java.runtime.version" value="22.0.1+8-16"/>
    <property name="user.name" value="Meris"/>
    <property name="stdout.encoding" value="GBK"/>
    <property name="path.separator" value=";"/>
    <property name="os.version" value="10.0"/>
    <property name="java.runtime.name" value="Java(TM) SE Runtime Environment"/>
    <property name="file.encoding" value="UTF-8"/>
    <property name="java.vm.name" value="Java HotSpot(TM) 64-Bit Server VM"/>
    <property name="localRepository" value="D:\develop\apache-maven-3.9.9-bin\apache-maven-3.9.9\mvn_repo"/>
    <property name="java.vendor.url.bug" value="https://bugreport.java.com/bugreport/"/>
    <property name="java.io.tmpdir" value="C:\Users\Meris\AppData\Local\Temp\"/>
    <property name="idea.version" value="2024.1"/>
    <property name="java.version" value="22.0.1"/>
    <property name="user.dir" value="D:\web-ai-code\test\springboot-mybatis-quickstart"/>
    <property name="os.arch" value="amd64"/>
    <property name="java.vm.specification.name" value="Java Virtual Machine Specification"/>
    <property name="PID" value="9456"/>
    <property name="sun.os.patch.level" value=""/>
    <property name="CONSOLE_LOG_CHARSET" value="UTF-8"/>
    <property name="native.encoding" value="GBK"/>
    <property name="java.library.path" value="D:\jdk22\bin;C:\Windows\Sun\Java\bin;C:\Windows\system32;C:\Windows;C:\Program Files\Common Files\Oracle\Java\javapath;C:\Windows\system32;C:\Windows;C:\Windows\System32\Wbem;C:\Windows\System32\WindowsPowerShell\v1.0\;C:\Windows\System32\OpenSSH\;D:\download\node-v14.20.0-win-x64\node-v14.20.0-win-x64;D:\download\node-v14.20.0-win-x64\node-v14.20.0-win-x64\node_cache;D:\download\node-v14.20.0-win-x64\node-v14.20.0-win-x64\node_global;D:\develop\apache-maven-3.9.9-bin\apache-maven-3.9.9\bin;C:\Program Files\MySQL\mysql-8.0.40-winx64\bin;D:\MySQL\MySQL Server 8.0\bin;D:\Git\Git\cmd;D:\MySQL\MySQL Shell 8.0\bin\;D:\python\Scripts\;D:\python\;C:\Users\Meris\AppData\Local\Microsoft\WindowsApps;;D:\pycharm\PyCharm 2024.1\bin;;D:\IDEA\IntelliJ IDEA 2024.1\bin;;D:\DataGrip\DataGrip 2024.1.1\bin;;."/>
    <property name="java.vm.info" value="mixed mode, sharing"/>
    <property name="stderr.encoding" value="GBK"/>
    <property name="java.vendor" value="Oracle Corporation"/>
    <property name="java.vm.version" value="22.0.1+8-16"/>
    <property name="sun.io.unicode.encoding" value="UnicodeLittle"/>
    <property name="java.class.version" value="66.0"/>
    <property name="LOGGED_APPLICATION_NAME" value="[springboot-mybatis-quickstart] "/>
  </properties>
  <testcase name="testFindAll" classname="com.itheima.SpringbootMybatisQuickstartApplicationTests" time="1.2">
    <system-out><![CDATA[03:26:13.631 [main] INFO org.springframework.test.context.support.AnnotationConfigContextLoaderUtils -- Could not detect default configuration classes for test class [com.itheima.SpringbootMybatisQuickstartApplicationTests]: SpringbootMybatisQuickstartApplicationTests does not declare any static, non-private, non-final, nested classes annotated with @Configuration.
03:26:13.741 [main] INFO org.springframework.boot.test.context.SpringBootTestContextBootstrapper -- Found @SpringBootConfiguration com.itheima.SpringbootMybatisQuickstartApplication for test class com.itheima.SpringbootMybatisQuickstartApplicationTests

  .   ____          _            __ _ _
 /\\ / ___'_ __ _ _(_)_ __  __ _ \ \ \ \
( ( )\___ | '_ | '_| | '_ \/ _` | \ \ \ \
 \\/  ___)| |_)| | | | | || (_| |  ) ) ) )
  '  |____| .__|_| |_|_| |_\__, | / / / /
 =========|_|==============|___/=/_/_/_/

 :: Spring Boot ::                (v3.4.1)

2025-01-23T03:26:14.246+08:00  INFO 9456 --- [springboot-mybatis-quickstart] [           main] ingbootMybatisQuickstartApplicationTests : Starting SpringbootMybatisQuickstartApplicationTests using Java 22.0.1 with PID 9456 (started by Meris in D:\web-ai-code\test\springboot-mybatis-quickstart)
2025-01-23T03:26:14.247+08:00  INFO 9456 --- [springboot-mybatis-quickstart] [           main] ingbootMybatisQuickstartApplicationTests : No active profile set, falling back to 1 default profile: "default"
Logging initialized using 'class org.apache.ibatis.logging.stdout.StdOutImpl' adapter.
2025-01-23T03:26:15.065+08:00  INFO 9456 --- [springboot-mybatis-quickstart] [           main] ingbootMybatisQuickstartApplicationTests : Started SpringbootMybatisQuickstartApplicationTests in 1.188 seconds (process running for 2.085)
Creating a new SqlSession
SqlSession [org.apache.ibatis.session.defaults.DefaultSqlSession@28768e25] was not registered for synchronization because synchronization is not active
2025-01-23T03:26:15.872+08:00  INFO 9456 --- [springboot-mybatis-quickstart] [           main] com.alibaba.druid.pool.DruidDataSource   : {dataSource-1} inited
JDBC Connection [com.mysql.cj.jdbc.ConnectionImpl@15369d73] will not be managed by Spring
==>  Preparing: select id, username, password, name, age from user
==> Parameters: 
<==    Columns: id, username, password, name, age
<==        Row: 1, daqiao, 123456, 大乔, 25
<==        Row: 2, xiaoqiao, 123456, 小乔, 18
<==        Row: 3, diaochan, 123456, 貂蝉, 24
<==      Total: 3
Closing non transactional SqlSession [org.apache.ibatis.session.defaults.DefaultSqlSession@28768e25]
User(id=1, username=daqiao, password=123456, name=大乔, age=25)
User(id=2, username=xiaoqiao, password=123456, name=小乔, age=18)
User(id=3, username=diaochan, password=123456, name=貂蝉, age=24)
]]></system-out>
    <system-err><![CDATA[Mockito is currently self-attaching to enable the inline-mock-maker. This will no longer work in future releases of the JDK. Please add Mockito as an agent to your build what is described in Mockito's documentation: https://javadoc.io/doc/org.mockito/mockito-core/latest/org/mockito/Mockito.html#0.3
WARNING: A Java agent has been loaded dynamically (D:\develop\apache-maven-3.9.9-bin\apache-maven-3.9.9\mvn_repo\net\bytebuddy\byte-buddy-agent\1.15.11\byte-buddy-agent-1.15.11.jar)
WARNING: If a serviceability tool is in use, please run with -XX:+EnableDynamicAgentLoading to hide this warning
WARNING: If a serviceability tool is not in use, please run with -Djdk.instrument.traceUsage for more information
WARNING: Dynamic loading of agents will be disallowed by default in a future release
]]></system-err>
  </testcase>
  <testcase name="testDeleteById" classname="com.itheima.SpringbootMybatisQuickstartApplicationTests" time="0.009">
    <system-out><![CDATA[Creating a new SqlSession
SqlSession [org.apache.ibatis.session.defaults.DefaultSqlSession@38de5daf] was not registered for synchronization because synchronization is not active
JDBC Connection [com.mysql.cj.jdbc.ConnectionImpl@15369d73] will not be managed by Spring
==>  Preparing: delete from user where id = ?
==> Parameters: 4(Integer)
<==    Updates: 0
Closing non transactional SqlSession [org.apache.ibatis.session.defaults.DefaultSqlSession@38de5daf]
执行完毕后的影响数：0
]]></system-out>
  </testcase>
  <testcase name="testInsert" classname="com.itheima.SpringbootMybatisQuickstartApplicationTests" time="0.012">
    <system-out><![CDATA[Creating a new SqlSession
SqlSession [org.apache.ibatis.session.defaults.DefaultSqlSession@26874f2c] was not registered for synchronization because synchronization is not active
JDBC Connection [com.mysql.cj.jdbc.ConnectionImpl@15369d73] will not be managed by Spring
==>  Preparing: insert into user(username, password, name, age) values(?, ?, ?, ?)
==> Parameters: zhouyu(String), 666888(String), 周瑜(String), 18(Integer)
<==    Updates: 1
Closing non transactional SqlSession [org.apache.ibatis.session.defaults.DefaultSqlSession@26874f2c]
]]></system-out>
  </testcase>
</testsuite>